<?xml version="1.0" encoding="UTF-8"?>
<!-- Generated by org.testng.reporters.JUnitXMLReporter -->
<testsuite hostname="B06SE520" ignored="0" name="Surefire test" tests="6" failures="0" timestamp="2021-04-14T14:58:39 EDT" time="0.029" errors="0">
  <testcase name="IOSApps" time="0.003" classname="qaclickacademy.AppiumTest"/>
  <testcase name="nativeAppAndroid" time="0.0" classname="qaclickacademy.AppiumTest"/>
  <testcase name="browserAutomation" time="0.0" classname="qaclickacademy.SeleniumTest"/>
  <testcase name="elementsUi" time="0.0" classname="qaclickacademy.SeleniumTest"/>
  <testcase name="deleteTwiter" time="0.0" classname="qaclickacademy.RESTAPITest"/>
  <testcase name="postJira" time="0.0" classname="qaclickacademy.RESTAPITest"/>
</testsuite> <!-- Surefire test -->
