<?xml version="1.0" encoding="UTF-8"?>
<testsuite xmlns:xsi="http://www.w3.org/2001/XMLSchema-instance" xsi:noNamespaceSchemaLocation="https://maven.apache.org/surefire/maven-surefire-plugin/xsd/surefire-test-report-3.0.xsd" version="3.0" name="TestSuite" time="15.339" tests="4" errors="0" skipped="0" failures="0">
  <properties>
[...]
</properties>
  <testcase name="IOSApps" classname="qaclickacademy.AppiumTest" time="0.004">
    <system-out><![CDATA[IOSApps test
]]></system-out>
  </testcase>
  <testcase name="nativeAppAndroid" classname="qaclickacademy.AppiumTest" time="0">
    <system-out><![CDATA[nativeAppAndroid test
]]></system-out>
  </testcase>
  <testcase name="browserAutomation" classname="qaclickacademy.SeleniumTest" time="0">
    <system-out><![CDATA[browserAutomation test
]]></system-out>
  </testcase>
  <testcase name="elementsUi" classname="qaclickacademy.SeleniumTest" time="0.001">
    <system-out><![CDATA[elementsUi test
]]></system-out>
  </testcase>
</testsuite>