<?xml version="1.0" encoding="UTF-8"?>
<testng-results skipped="0" failed="0" ignored="1" total="2" passed="1">
  <reporter-output>
  </reporter-output>
  <suite name="Default suite" duration-ms="45" started-at="2021-04-14T14:13:35 EDT" finished-at="2021-04-14T14:13:35 EDT">
    <groups>
    </groups>
    <test name="Default test" duration-ms="45" started-at="2021-04-14T14:13:35 EDT" finished-at="2021-04-14T14:13:35 EDT">
      <class name="qaclickacademy.AppiumTest">
        <test-method status="PASS" signature="nativeAppAndroid()[pri:0, instance:qaclickacademy.AppiumTest@557caf28]" name="nativeAppAndroid" duration-ms="8" started-at="2021-04-14T14:13:35 EDT" finished-at="2021-04-14T14:13:35 EDT">
          <reporter-output>
          </reporter-output>
        </test-method> <!-- nativeAppAndroid -->
      </class> <!-- qaclickacademy.AppiumTest -->
    </test> <!-- Default test -->
  </suite> <!-- Default suite -->
</testng-results>
